

/******************************************************************************************
* ReadStepFile diagnostics.
* Date:                           Wed Sep 12 11:34:30 2018
* Produced by:                    The EXPRESS Data Manager Version 5.02.0100.07 : 28 Aug 2013
* Module:                         EDMstepFileFactory/EDMstandAlone
* Host:                           laptop-ebc110
* Database:                       C:\Users\dja\AppData\Local\Temp\{4C8620F3-5C77-4DFA-AF0F-D5833E10CD91}\ifc
* Database version:               5507
* Database creation date:         Wed Sep 12 11:34:30 2018
* Model to populate:              DataRepository.ifcimport
* Header model to populate:       
* Step file name:                 1.1_Architecture+HVAC+Zone_Curve+Schedule.ifc
* EDMuser:                        sdai-user
* EDMgroup:                       sdai-group
* License ID and type:            5605 : Permanent license. Expiry date: 
* EDMstepFileFactory options:     010201000002
******************************************************************************************/


------------------------------------------------------------------------------------------------
 Operation terminated successfully.
------------------------------------------------------------------------------------------------

